<?xml version="1.0" encoding="UTF-8"?>
<testsuite xmlns:xsi="http://www.w3.org/2001/XMLSchema-instance" xsi:schemaLocation="https://maven.apache.org/surefire/maven-surefire-plugin/xsd/surefire-test-report.xsd" name="TestSuite" time="8.694" tests="3" errors="0" skipped="2" failures="1">
  <properties>
[...]
</properties>
  <testcase name="setUp" classname="tests.TestsForRun" time="8.132">
    <failure message="session not created: This version of ChromeDriver only supports Chrome version 114&#10;Current browser version is 120.0.6099.199 with binary path C:\Program Files\Google\Chrome\Application\chrome.exe&#10;Build info: version: &apos;3.4.0&apos;, revision: &apos;unknown&apos;, time: &apos;unknown&apos;&#10;System info: host: &apos;WS-02636159&apos;, ip: &apos;192.168.1.129&apos;, os.name: &apos;Windows 10&apos;, os.arch: &apos;amd64&apos;, os.version: &apos;10.0&apos;, java.version: &apos;17.0.7&apos;&#10;Driver info: driver.version: ChromeDriver&#10;remote stacktrace: Backtrace:&#10;	GetHandleVerifier [0x00C0A813+48355]&#10;	(No symbol) [0x00B9C4B1]&#10;	(No symbol) [0x00AA5358]&#10;	(No symbol) [0x00AC61AC]&#10;	(No symbol) [0x00AC1EF3]&#10;	(No symbol) [0x00AC0579]&#10;	(No symbol) [0x00AF0C55]&#10;	(No symbol) [0x00AF093C]&#10;	(No symbol) [0x00AEA536]&#10;	(No symbol) [0x00AC82DC]&#10;	(No symbol) [0x00AC93DD]&#10;	GetHandleVerifier [0x00E6AABD+2539405]&#10;	GetHandleVerifier [0x00EAA78F+2800735]&#10;	GetHandleVerifier [0x00EA456C+2775612]&#10;	GetHandleVerifier [0x00C951E0+616112]&#10;	(No symbol) [0x00BA5F8C]&#10;	(No symbol) [0x00BA2328]&#10;	(No symbol) [0x00BA240B]&#10;	(No symbol) [0x00B94FF7]&#10;	BaseThreadInitThunk [0x75ADFCC9+25]&#10;	RtlGetAppContainerNamedObjectPath [0x77727C6E+286]&#10;	RtlGetAppContainerNamedObjectPath [0x77727C3E+238]&#10;" type="org.openqa.selenium.SessionNotCreatedException">org.openqa.selenium.SessionNotCreatedException: 
session not created: This version of ChromeDriver only supports Chrome version 114
Current browser version is 120.0.6099.199 with binary path C:\Program Files\Google\Chrome\Application\chrome.exe
Build info: version: '3.4.0', revision: 'unknown', time: 'unknown'
System info: host: 'WS-02636159', ip: '192.168.1.129', os.name: 'Windows 10', os.arch: 'amd64', os.version: '10.0', java.version: '17.0.7'
Driver info: driver.version: ChromeDriver
remote stacktrace: Backtrace:
	GetHandleVerifier [0x00C0A813+48355]
	(No symbol) [0x00B9C4B1]
	(No symbol) [0x00AA5358]
	(No symbol) [0x00AC61AC]
	(No symbol) [0x00AC1EF3]
	(No symbol) [0x00AC0579]
	(No symbol) [0x00AF0C55]
	(No symbol) [0x00AF093C]
	(No symbol) [0x00AEA536]
	(No symbol) [0x00AC82DC]
	(No symbol) [0x00AC93DD]
	GetHandleVerifier [0x00E6AABD+2539405]
	GetHandleVerifier [0x00EAA78F+2800735]
	GetHandleVerifier [0x00EA456C+2775612]
	GetHandleVerifier [0x00C951E0+616112]
	(No symbol) [0x00BA5F8C]
	(No symbol) [0x00BA2328]
	(No symbol) [0x00BA240B]
	(No symbol) [0x00B94FF7]
	BaseThreadInitThunk [0x75ADFCC9+25]
	RtlGetAppContainerNamedObjectPath [0x77727C6E+286]
	RtlGetAppContainerNamedObjectPath [0x77727C3E+238]

	at tests.TestsForRun.setUp(TestsForRun.java:16)
</failure>
    <system-out><![CDATA[[TestNGContentHandler] [WARN] It is strongly recommended to add "<!DOCTYPE suite SYSTEM "http://testng.org/testng-1.0.dtd" >" at the top of your file, otherwise TestNG may fail or not work as expected.
]]></system-out>
    <system-err><![CDATA[SLF4J: Failed to load class "org.slf4j.impl.StaticLoggerBinder".
SLF4J: Defaulting to no-operation (NOP) logger implementation
SLF4J: See http://www.slf4j.org/codes.html#StaticLoggerBinder for further details.
Starting ChromeDriver 114.0.5735.90 (386bc09e8f4f2e025eddae123f36f6263096ae49-refs/branch-heads/5735@{#1052}) on port 13398
Only local connections are allowed.
Please see https://chromedriver.chromium.org/security-considerations for suggestions on keeping ChromeDriver safe.
ChromeDriver was started successfully.
]]></system-err>
  </testcase>
  <testcase name="testBox" classname="tests.TestsForRun" time="0">
    <skipped message="session not created: This version of ChromeDriver only supports Chrome version 114&#10;Current browser version is 120.0.6099.199 with binary path C:\Program Files\Google\Chrome\Application\chrome.exe&#10;Build info: version: &apos;3.4.0&apos;, revision: &apos;unknown&apos;, time: &apos;unknown&apos;&#10;System info: host: &apos;WS-02636159&apos;, ip: &apos;192.168.1.129&apos;, os.name: &apos;Windows 10&apos;, os.arch: &apos;amd64&apos;, os.version: &apos;10.0&apos;, java.version: &apos;17.0.7&apos;&#10;Driver info: driver.version: ChromeDriver&#10;remote stacktrace: Backtrace:&#10;	GetHandleVerifier [0x00C0A813+48355]&#10;	(No symbol) [0x00B9C4B1]&#10;	(No symbol) [0x00AA5358]&#10;	(No symbol) [0x00AC61AC]&#10;	(No symbol) [0x00AC1EF3]&#10;	(No symbol) [0x00AC0579]&#10;	(No symbol) [0x00AF0C55]&#10;	(No symbol) [0x00AF093C]&#10;	(No symbol) [0x00AEA536]&#10;	(No symbol) [0x00AC82DC]&#10;	(No symbol) [0x00AC93DD]&#10;	GetHandleVerifier [0x00E6AABD+2539405]&#10;	GetHandleVerifier [0x00EAA78F+2800735]&#10;	GetHandleVerifier [0x00EA456C+2775612]&#10;	GetHandleVerifier [0x00C951E0+616112]&#10;	(No symbol) [0x00BA5F8C]&#10;	(No symbol) [0x00BA2328]&#10;	(No symbol) [0x00BA240B]&#10;	(No symbol) [0x00B94FF7]&#10;	BaseThreadInitThunk [0x75ADFCC9+25]&#10;	RtlGetAppContainerNamedObjectPath [0x77727C6E+286]&#10;	RtlGetAppContainerNamedObjectPath [0x77727C3E+238]&#10;"/>
  </testcase>
  <testcase name="tearDown" classname="tests.TestsForRun" time="0">
    <skipped/>
  </testcase>
</testsuite>