<?xml version="1.0" encoding="UTF-8"?>
<testng-results ignored="0" total="1" passed="1" failed="0" skipped="0">
  <reporter-output>
  </reporter-output>
  <suite started-at="2023-07-10T06:24:03Z" name="Suite" finished-at="2023-07-10T06:24:16Z" duration-ms="13143">
    <groups>
    </groups>
    <test started-at="2023-07-10T06:24:03Z" name="Test" finished-at="2023-07-10T06:24:16Z" duration-ms="13143">
      <class name="tests.TestsForRun">
        <test-method is-config="true" signature="setUp()[pri:0, instance:tests.TestsForRun@539d019]" started-at="2023-07-10T09:24:03Z" name="setUp" finished-at="2023-07-10T09:24:13Z" duration-ms="9768" status="PASS">
          <reporter-output>
          </reporter-output>
        </test-method> <!-- setUp -->
        <test-method signature="testBox()[pri:0, instance:tests.TestsForRun@539d019]" started-at="2023-07-10T09:24:13Z" name="testBox" finished-at="2023-07-10T09:24:16Z" duration-ms="2968" status="PASS">
          <reporter-output>
          </reporter-output>
        </test-method> <!-- testBox -->
        <test-method is-config="true" signature="tearDown()[pri:0, instance:tests.TestsForRun@539d019]" started-at="2023-07-10T09:24:16Z" name="tearDown" finished-at="2023-07-10T09:24:16Z" duration-ms="356" status="PASS">
          <reporter-output>
          </reporter-output>
        </test-method> <!-- tearDown -->
      </class> <!-- tests.TestsForRun -->
    </test> <!-- Test -->
  </suite> <!-- Suite -->
</testng-results>
