<?xml version="1.0" encoding="UTF-8"?>
<testng-results ignored="0" total="1" passed="1" failed="0" skipped="0">
  <reporter-output>
  </reporter-output>
  <suite started-at="2024-01-04T16:29:30Z" name="Suite" finished-at="2024-01-04T16:29:37Z" duration-ms="6785">
    <groups>
    </groups>
    <test started-at="2024-01-04T16:29:30Z" name="Test" finished-at="2024-01-04T16:29:37Z" duration-ms="6785">
      <class name="tests.TestsForRun">
        <test-method is-config="true" signature="setUp()[pri:0, instance:tests.TestsForRun@581ac8a8]" started-at="2024-01-04T19:29:30Z" name="setUp" finished-at="2024-01-04T19:29:35Z" duration-ms="4019" status="PASS">
          <reporter-output>
          </reporter-output>
        </test-method> <!-- setUp -->
        <test-method signature="testBox()[pri:0, instance:tests.TestsForRun@581ac8a8]" started-at="2024-01-04T19:29:35Z" name="testBox" finished-at="2024-01-04T19:29:36Z" duration-ms="1488" status="PASS">
          <reporter-output>
          </reporter-output>
        </test-method> <!-- testBox -->
        <test-method is-config="true" signature="makePause()[pri:0, instance:tests.TestsForRun@581ac8a8]" started-at="2024-01-04T19:29:36Z" name="makePause" finished-at="2024-01-04T19:29:37Z" duration-ms="1006" status="PASS">
          <reporter-output>
          </reporter-output>
        </test-method> <!-- makePause -->
        <test-method is-config="true" signature="tearDown()[pri:0, instance:tests.TestsForRun@581ac8a8]" started-at="2024-01-04T19:29:37Z" name="tearDown" finished-at="2024-01-04T19:29:37Z" duration-ms="236" status="PASS">
          <reporter-output>
          </reporter-output>
        </test-method> <!-- tearDown -->
      </class> <!-- tests.TestsForRun -->
    </test> <!-- Test -->
  </suite> <!-- Suite -->
</testng-results>
